2025-02-23 18:59:32,815 - INFO - Démarrage du pipeline de traitement des données.
2025-02-23 18:59:32,815 - INFO - Chargement des données...
2025-02-23 18:59:34,436 - INFO - Début de l'entraînement du modèle.
2025-02-23 18:59:34,436 - INFO - Division des données en train/validation...
2025-02-23 18:59:34,480 - INFO - Initialisation du modèle Random Forest...
2025-02-23 18:59:34,480 - INFO - Entraînement du modèle en cours...
2025-02-23 18:59:51,511 - INFO - Entraînement terminé.
2025-02-23 18:59:51,514 - INFO - Évaluation du modèle.
2025-02-23 18:59:51,514 - INFO - Évaluation du modèle en cours...
2025-02-23 18:59:51,592 - INFO - MAE: 0.8193
MSE: 3.3464
R²: 0.1629
2025-02-23 18:59:51,592 - INFO - Génération des graphiques...
2025-02-23 19:00:04,529 - INFO - Évaluation et visualisations terminées.
2025-02-23 19:00:04,530 - INFO - Prédiction sur le jeu de test.
2025-02-23 19:00:52,251 - INFO - Démarrage du pipeline de traitement des données.
2025-02-23 19:00:52,251 - INFO - Chargement des données...
2025-02-23 19:00:53,881 - INFO - Début de l'entraînement du modèle.
2025-02-23 19:00:53,881 - INFO - Division des données en train/validation...
2025-02-23 19:00:53,927 - INFO - Initialisation du modèle Random Forest...
2025-02-23 19:00:53,927 - INFO - Entraînement du modèle en cours...
2025-02-23 19:01:10,830 - INFO - Entraînement terminé.
2025-02-23 19:01:10,832 - INFO - Évaluation du modèle.
2025-02-23 19:01:10,832 - INFO - Évaluation du modèle en cours...
2025-02-23 19:01:10,916 - INFO - MAE: 0.8193
MSE: 3.3464
R²: 0.1629
2025-02-23 19:01:10,916 - INFO - Génération des graphiques...
2025-02-23 19:01:16,763 - INFO - Évaluation et visualisations terminées.
2025-02-23 19:01:16,763 - INFO - Prédiction sur le jeu de test.
2025-02-23 19:01:16,763 - INFO - Génération des prédictions sur les données de test...
2025-02-23 19:01:16,806 - INFO - Fichier de soumission enregistré sous 'submissions/submission.csv'
2025-02-23 19:01:16,806 - INFO - Pipeline terminé avec succès.
2025-02-23 19:02:24,517 - INFO - Démarrage du pipeline de traitement des données.
2025-02-23 19:02:24,517 - INFO - Chargement des données...
2025-02-23 19:02:26,149 - INFO - Début de l'entraînement du modèle.
2025-02-23 19:02:26,150 - INFO - Division des données en train/validation...
2025-02-23 19:02:26,197 - INFO - Initialisation du modèle Random Forest...
2025-02-23 19:02:26,198 - INFO - Entraînement du modèle en cours...
2025-02-23 19:02:42,553 - INFO - Entraînement terminé.
2025-02-23 19:02:42,555 - INFO - Évaluation du modèle.
2025-02-23 19:02:42,555 - INFO - Évaluation du modèle en cours...
2025-02-23 19:02:42,639 - INFO - MAE: 0.8193
MSE: 3.3464
R²: 0.1629
2025-02-23 19:02:42,639 - INFO - Génération des graphiques...
2025-02-23 19:02:54,961 - INFO - Évaluation et visualisations terminées.
2025-02-23 19:02:54,961 - INFO - Prédiction sur le jeu de test.
2025-02-23 19:02:54,961 - INFO - Génération des prédictions sur les données de test...
2025-02-23 19:02:55,002 - INFO - Fichier de soumission enregistré sous 'submissions/submission.csv'
2025-02-23 19:02:55,003 - INFO - Pipeline terminé avec succès.
2025-02-23 19:04:22,557 - INFO - Démarrage du pipeline de traitement des données.
2025-02-23 19:04:22,557 - INFO - Chargement des données...
2025-02-23 19:04:24,367 - INFO - Début de l'entraînement du modèle.
2025-02-23 19:04:24,367 - INFO - Division des données en train/validation...
2025-02-23 19:04:24,413 - INFO - Initialisation du modèle Random Forest...
2025-02-23 19:04:24,413 - INFO - Entraînement du modèle en cours...
2025-02-23 19:04:41,516 - INFO - Entraînement terminé.
2025-02-23 19:04:41,518 - INFO - Évaluation du modèle.
2025-02-23 19:04:41,518 - INFO - Évaluation du modèle en cours...
2025-02-23 19:04:41,597 - INFO - MAE: 0.8193
MSE: 3.3464
R²: 0.1629
2025-02-23 19:04:41,597 - INFO - Génération des graphiques...
2025-02-23 19:04:42,197 - INFO - Graphiques enregistrés dans 'plots/plot_results.png'.
2025-02-23 19:04:42,198 - INFO - Prédiction sur le jeu de test.
2025-02-23 19:04:42,198 - INFO - Génération des prédictions sur les données de test...
2025-02-23 19:04:42,238 - INFO - Fichier de soumission enregistré sous 'submissions/submission.csv'
2025-02-23 19:04:42,238 - INFO - Pipeline terminé avec succès.
2025-02-23 19:44:21,702 - INFO - Démarrage du pipeline de traitement des données.
2025-02-23 19:44:21,702 - INFO - Chargement des données...
2025-02-23 19:44:23,361 - INFO - Début de l'entraînement du modèle.
2025-02-23 19:44:23,361 - INFO - Division des données en train/validation...
2025-02-23 19:44:23,408 - INFO - Initialisation du modèle Random Forest...
2025-02-23 19:44:23,408 - INFO - Entraînement du modèle en cours...
2025-02-23 19:44:40,567 - INFO - Entraînement terminé.
2025-02-23 19:44:40,569 - INFO - Évaluation du modèle.
2025-02-23 19:44:40,569 - INFO - Évaluation du modèle en cours...
2025-02-23 19:44:40,650 - INFO - MAE: 0.8193
MSE: 3.3464
R²: 0.1629
2025-02-23 19:44:40,650 - INFO - Génération des graphiques...
2025-02-23 19:44:41,047 - INFO - Graphiques enregistrés dans 'plots/plot_results.png'.
2025-02-23 19:44:41,048 - INFO - Prédiction sur le jeu de test.
2025-02-23 19:44:41,048 - INFO - Génération des prédictions sur les données de test...
2025-02-23 19:44:41,087 - INFO - Fichier de soumission enregistré sous 'submissions/submission.csv'
2025-02-23 19:44:41,087 - INFO - Pipeline terminé avec succès.
2025-02-23 19:48:23,721 - INFO - Démarrage du pipeline de traitement des données.
2025-02-23 19:48:23,721 - INFO - Chargement des données...
2025-02-23 19:48:25,375 - INFO - Début de l'entraînement du modèle.
2025-02-23 19:48:25,375 - INFO - Division des données en train/validation...
2025-02-23 19:48:25,419 - INFO - Initialisation du modèle Random Forest...
2025-02-23 19:48:25,419 - INFO - Entraînement du modèle en cours...
2025-02-23 19:48:42,245 - INFO - Entraînement terminé.
2025-02-23 19:48:42,246 - INFO - Évaluation du modèle.
2025-02-23 19:48:42,246 - INFO - Évaluation du modèle en cours...
2025-02-23 19:48:42,329 - INFO - MAE: 0.8193
MSE: 3.3464
R²: 0.1629
2025-02-23 19:48:42,329 - INFO - Génération des graphiques...
2025-02-23 19:48:42,731 - INFO - Graphiques enregistrés dans 'plots/plot_results.png'.
2025-02-23 19:48:42,731 - INFO - Prédiction sur le jeu de test.
2025-02-23 19:48:42,731 - INFO - Génération des prédictions sur les données de test...
2025-02-23 19:48:42,770 - INFO - Fichier de soumission enregistré sous 'submissions/submission.csv'
2025-02-23 19:48:42,770 - INFO - Pipeline terminé avec succès.
2025-02-23 19:55:24,766 - INFO - Démarrage du pipeline de traitement des données.
2025-02-23 19:55:24,767 - INFO - Chargement des données...
2025-02-23 19:55:26,386 - INFO - Début de l'entraînement du modèle.
2025-02-23 19:55:26,387 - INFO - Division des données en train/validation...
2025-02-23 19:55:26,433 - INFO - Initialisation du modèle Random Forest...
2025-02-23 19:55:26,433 - INFO - Entraînement du modèle en cours...
2025-02-23 19:55:43,737 - INFO - Entraînement terminé.
2025-02-23 19:55:43,739 - INFO - Évaluation du modèle.
2025-02-23 19:55:43,739 - INFO - Évaluation du modèle en cours...
2025-02-23 19:55:43,820 - INFO - MAE: 0.8193
MSE: 3.3464
R²: 0.1629
2025-02-23 19:55:43,820 - INFO - Génération des graphiques...
2025-02-23 19:55:44,214 - INFO - Graphiques enregistrés dans 'plots/plot_results.png'.
2025-02-23 19:55:44,215 - INFO - Prédiction sur le jeu de test.
2025-02-23 19:55:44,215 - INFO - Génération des prédictions sur les données de test...
2025-02-23 19:55:44,255 - INFO - Fichier de soumission enregistré sous 'submissions/submission.csv'
2025-02-23 19:55:44,255 - INFO - Pipeline terminé avec succès.
